[2014-05-08 20:43:44] production.ERROR: exception 'ErrorException' with message 'file_put_contents(/var/www/html/git/lovemeup/site/app/database/migrations/2014_05_08_204344_users_table.php): failed to open stream: Permission denied' in /var/www/html/git/lovemeup/site/bootstrap/compiled.php:3827
Stack trace:
#0 [internal function]: Illuminate\Exception\Handler->handleError(2, 'file_put_conten...', '/var/www/html/g...', 3827, Array)
#1 /var/www/html/git/lovemeup/site/bootstrap/compiled.php(3827): file_put_contents('/var/www/html/g...', '<?php??use Illu...')
#2 /var/www/html/git/lovemeup/site/vendor/laravel/framework/src/Illuminate/Database/Migrations/MigrationCreator.php(51): Illuminate\Filesystem\Filesystem->put('/var/www/html/g...', '<?php??use Illu...')
#3 /var/www/html/git/lovemeup/site/vendor/laravel/framework/src/Illuminate/Database/Console/Migrations/MigrateMakeCommand.php(90): Illuminate\Database\Migrations\MigrationCreator->create('users_table', '/var/www/html/g...', NULL, NULL)
#4 /var/www/html/git/lovemeup/site/vendor/laravel/framework/src/Illuminate/Database/Console/Migrations/MigrateMakeCommand.php(73): Illuminate\Database\Console\Migrations\MigrateMakeCommand->writeMigration('users_table', NULL, NULL)
#5 /var/www/html/git/lovemeup/site/vendor/laravel/framework/src/Illuminate/Console/Command.php(108): Illuminate\Database\Console\Migrations\MigrateMakeCommand->fire()
#6 /var/www/html/git/lovemeup/site/vendor/symfony/console/Symfony/Component/Console/Command/Command.php(241): Illuminate\Console\Command->execute(Object(Symfony\Component\Console\Input\ArgvInput), Object(Symfony\Component\Console\Output\ConsoleOutput))
#7 /var/www/html/git/lovemeup/site/vendor/laravel/framework/src/Illuminate/Console/Command.php(96): Symfony\Component\Console\Command\Command->run(Object(Symfony\Component\Console\Input\ArgvInput), Object(Symfony\Component\Console\Output\ConsoleOutput))
#8 /var/www/html/git/lovemeup/site/vendor/symfony/console/Symfony/Component/Console/Application.php(895): Illuminate\Console\Command->run(Object(Symfony\Component\Console\Input\ArgvInput), Object(Symfony\Component\Console\Output\ConsoleOutput))
#9 /var/www/html/git/lovemeup/site/vendor/symfony/console/Symfony/Component/Console/Application.php(191): Symfony\Component\Console\Application->doRunCommand(Object(Illuminate\Database\Console\Migrations\MigrateMakeCommand), Object(Symfony\Component\Console\Input\ArgvInput), Object(Symfony\Component\Console\Output\ConsoleOutput))
#10 /var/www/html/git/lovemeup/site/vendor/symfony/console/Symfony/Component/Console/Application.php(121): Symfony\Component\Console\Application->doRun(Object(Symfony\Component\Console\Input\ArgvInput), Object(Symfony\Component\Console\Output\ConsoleOutput))
#11 /var/www/html/git/lovemeup/site/artisan(59): Symfony\Component\Console\Application->run()
#12 {main} [] []
[2014-05-08 21:38:45] production.ERROR: exception 'Illuminate\Database\QueryException' with message 'SQLSTATE[42S02]: Base table or view not found: 1051 Unknown table 'tobacco' (SQL: drop table `tobacco`)' in /var/www/html/git/lovemeup/site/vendor/laravel/framework/src/Illuminate/Database/Connection.php:555
Stack trace:
#0 /var/www/html/git/lovemeup/site/vendor/laravel/framework/src/Illuminate/Database/Connection.php(338): Illuminate\Database\Connection->run('drop table `tob...', Array, Object(Closure))
#1 /var/www/html/git/lovemeup/site/vendor/laravel/framework/src/Illuminate/Database/Schema/Blueprint.php(63): Illuminate\Database\Connection->statement('drop table `tob...')
#2 /var/www/html/git/lovemeup/site/vendor/laravel/framework/src/Illuminate/Database/Schema/Builder.php(169): Illuminate\Database\Schema\Blueprint->build(Object(Illuminate\Database\MySqlConnection), Object(Illuminate\Database\Schema\Grammars\MySqlGrammar))
#3 /var/www/html/git/lovemeup/site/vendor/laravel/framework/src/Illuminate/Database/Schema/Builder.php(127): Illuminate\Database\Schema\Builder->build(Object(Illuminate\Database\Schema\Blueprint))
#4 /var/www/html/git/lovemeup/site/bootstrap/compiled.php(3155): Illuminate\Database\Schema\Builder->drop('tobacco')
#5 /var/www/html/git/lovemeup/site/app/database/migrations/2014_05_08_205712_tobacco_table.php(30): Illuminate\Support\Facades\Facade::__callStatic('drop', Array)
#6 /var/www/html/git/lovemeup/site/app/database/migrations/2014_05_08_205712_tobacco_table.php(30): Illuminate\Support\Facades\Schema::drop('tobacco')
#7 /var/www/html/git/lovemeup/site/vendor/laravel/framework/src/Illuminate/Database/Migrations/Migrator.php(197): TobaccoTable->down()
#8 /var/www/html/git/lovemeup/site/vendor/laravel/framework/src/Illuminate/Database/Migrations/Migrator.php(170): Illuminate\Database\Migrations\Migrator->runDown(Object(stdClass), false)
#9 /var/www/html/git/lovemeup/site/vendor/laravel/framework/src/Illuminate/Database/Console/Migrations/ResetCommand.php(56): Illuminate\Database\Migrations\Migrator->rollback(false)
#10 /var/www/html/git/lovemeup/site/vendor/laravel/framework/src/Illuminate/Console/Command.php(108): Illuminate\Database\Console\Migrations\ResetCommand->fire()
#11 /var/www/html/git/lovemeup/site/vendor/symfony/console/Symfony/Component/Console/Command/Command.php(241): Illuminate\Console\Command->execute(Object(Symfony\Component\Console\Input\ArrayInput), Object(Symfony\Component\Console\Output\ConsoleOutput))
#12 /var/www/html/git/lovemeup/site/vendor/laravel/framework/src/Illuminate/Console/Command.php(96): Symfony\Component\Console\Command\Command->run(Object(Symfony\Component\Console\Input\ArrayInput), Object(Symfony\Component\Console\Output\ConsoleOutput))
#13 /var/www/html/git/lovemeup/site/vendor/laravel/framework/src/Illuminate/Console/Command.php(124): Illuminate\Console\Command->run(Object(Symfony\Component\Console\Input\ArrayInput), Object(Symfony\Component\Console\Output\ConsoleOutput))
#14 /var/www/html/git/lovemeup/site/vendor/laravel/framework/src/Illuminate/Database/Console/Migrations/RefreshCommand.php(31): Illuminate\Console\Command->call('migrate:reset', Array)
#15 /var/www/html/git/lovemeup/site/vendor/laravel/framework/src/Illuminate/Console/Command.php(108): Illuminate\Database\Console\Migrations\RefreshCommand->fire()
#16 /var/www/html/git/lovemeup/site/vendor/symfony/console/Symfony/Component/Console/Command/Command.php(241): Illuminate\Console\Command->execute(Object(Symfony\Component\Console\Input\ArgvInput), Object(Symfony\Component\Console\Output\ConsoleOutput))
#17 /var/www/html/git/lovemeup/site/vendor/laravel/framework/src/Illuminate/Console/Command.php(96): Symfony\Component\Console\Command\Command->run(Object(Symfony\Component\Console\Input\ArgvInput), Object(Symfony\Component\Console\Output\ConsoleOutput))
#18 /var/www/html/git/lovemeup/site/vendor/symfony/console/Symfony/Component/Console/Application.php(895): Illuminate\Console\Command->run(Object(Symfony\Component\Console\Input\ArgvInput), Object(Symfony\Component\Console\Output\ConsoleOutput))
#19 /var/www/html/git/lovemeup/site/vendor/symfony/console/Symfony/Component/Console/Application.php(191): Symfony\Component\Console\Application->doRunCommand(Object(Illuminate\Database\Console\Migrations\RefreshCommand), Object(Symfony\Component\Console\Input\ArgvInput), Object(Symfony\Component\Console\Output\ConsoleOutput))
#20 /var/www/html/git/lovemeup/site/vendor/symfony/console/Symfony/Component/Console/Application.php(121): Symfony\Component\Console\Application->doRun(Object(Symfony\Component\Console\Input\ArgvInput), Object(Symfony\Component\Console\Output\ConsoleOutput))
#21 /var/www/html/git/lovemeup/site/artisan(59): Symfony\Component\Console\Application->run()
#22 {main} [] []
[2014-05-08 21:38:54] production.ERROR: exception 'Illuminate\Database\QueryException' with message 'SQLSTATE[42S02]: Base table or view not found: 1051 Unknown table 'tobacco' (SQL: drop table `tobacco`)' in /var/www/html/git/lovemeup/site/vendor/laravel/framework/src/Illuminate/Database/Connection.php:555
Stack trace:
#0 /var/www/html/git/lovemeup/site/vendor/laravel/framework/src/Illuminate/Database/Connection.php(338): Illuminate\Database\Connection->run('drop table `tob...', Array, Object(Closure))
#1 /var/www/html/git/lovemeup/site/vendor/laravel/framework/src/Illuminate/Database/Schema/Blueprint.php(63): Illuminate\Database\Connection->statement('drop table `tob...')
#2 /var/www/html/git/lovemeup/site/vendor/laravel/framework/src/Illuminate/Database/Schema/Builder.php(169): Illuminate\Database\Schema\Blueprint->build(Object(Illuminate\Database\MySqlConnection), Object(Illuminate\Database\Schema\Grammars\MySqlGrammar))
#3 /var/www/html/git/lovemeup/site/vendor/laravel/framework/src/Illuminate/Database/Schema/Builder.php(127): Illuminate\Database\Schema\Builder->build(Object(Illuminate\Database\Schema\Blueprint))
#4 /var/www/html/git/lovemeup/site/bootstrap/compiled.php(3155): Illuminate\Database\Schema\Builder->drop('tobacco')
#5 /var/www/html/git/lovemeup/site/app/database/migrations/2014_05_08_205712_tobacco_table.php(30): Illuminate\Support\Facades\Facade::__callStatic('drop', Array)
#6 /var/www/html/git/lovemeup/site/app/database/migrations/2014_05_08_205712_tobacco_table.php(30): Illuminate\Support\Facades\Schema::drop('tobacco')
#7 /var/www/html/git/lovemeup/site/vendor/laravel/framework/src/Illuminate/Database/Migrations/Migrator.php(197): TobaccoTable->down()
#8 /var/www/html/git/lovemeup/site/vendor/laravel/framework/src/Illuminate/Database/Migrations/Migrator.php(170): Illuminate\Database\Migrations\Migrator->runDown(Object(stdClass), false)
#9 /var/www/html/git/lovemeup/site/vendor/laravel/framework/src/Illuminate/Database/Console/Migrations/ResetCommand.php(56): Illuminate\Database\Migrations\Migrator->rollback(false)
#10 /var/www/html/git/lovemeup/site/vendor/laravel/framework/src/Illuminate/Console/Command.php(108): Illuminate\Database\Console\Migrations\ResetCommand->fire()
#11 /var/www/html/git/lovemeup/site/vendor/symfony/console/Symfony/Component/Console/Command/Command.php(241): Illuminate\Console\Command->execute(Object(Symfony\Component\Console\Input\ArrayInput), Object(Symfony\Component\Console\Output\ConsoleOutput))
#12 /var/www/html/git/lovemeup/site/vendor/laravel/framework/src/Illuminate/Console/Command.php(96): Symfony\Component\Console\Command\Command->run(Object(Symfony\Component\Console\Input\ArrayInput), Object(Symfony\Component\Console\Output\ConsoleOutput))
#13 /var/www/html/git/lovemeup/site/vendor/laravel/framework/src/Illuminate/Console/Command.php(124): Illuminate\Console\Command->run(Object(Symfony\Component\Console\Input\ArrayInput), Object(Symfony\Component\Console\Output\ConsoleOutput))
#14 /var/www/html/git/lovemeup/site/vendor/laravel/framework/src/Illuminate/Database/Console/Migrations/RefreshCommand.php(31): Illuminate\Console\Command->call('migrate:reset', Array)
#15 /var/www/html/git/lovemeup/site/vendor/laravel/framework/src/Illuminate/Console/Command.php(108): Illuminate\Database\Console\Migrations\RefreshCommand->fire()
#16 /var/www/html/git/lovemeup/site/vendor/symfony/console/Symfony/Component/Console/Command/Command.php(241): Illuminate\Console\Command->execute(Object(Symfony\Component\Console\Input\ArgvInput), Object(Symfony\Component\Console\Output\ConsoleOutput))
#17 /var/www/html/git/lovemeup/site/vendor/laravel/framework/src/Illuminate/Console/Command.php(96): Symfony\Component\Console\Command\Command->run(Object(Symfony\Component\Console\Input\ArgvInput), Object(Symfony\Component\Console\Output\ConsoleOutput))
#18 /var/www/html/git/lovemeup/site/vendor/symfony/console/Symfony/Component/Console/Application.php(895): Illuminate\Console\Command->run(Object(Symfony\Component\Console\Input\ArgvInput), Object(Symfony\Component\Console\Output\ConsoleOutput))
#19 /var/www/html/git/lovemeup/site/vendor/symfony/console/Symfony/Component/Console/Application.php(191): Symfony\Component\Console\Application->doRunCommand(Object(Illuminate\Database\Console\Migrations\RefreshCommand), Object(Symfony\Component\Console\Input\ArgvInput), Object(Symfony\Component\Console\Output\ConsoleOutput))
#20 /var/www/html/git/lovemeup/site/vendor/symfony/console/Symfony/Component/Console/Application.php(121): Symfony\Component\Console\Application->doRun(Object(Symfony\Component\Console\Input\ArgvInput), Object(Symfony\Component\Console\Output\ConsoleOutput))
#21 /var/www/html/git/lovemeup/site/artisan(59): Symfony\Component\Console\Application->run()
#22 {main} [] []
[2014-05-08 21:40:39] production.ERROR: exception 'Illuminate\Database\QueryException' with message 'SQLSTATE[42S02]: Base table or view not found: 1051 Unknown table 'physique' (SQL: drop table `physique`)' in /var/www/html/git/lovemeup/site/vendor/laravel/framework/src/Illuminate/Database/Connection.php:555
Stack trace:
#0 /var/www/html/git/lovemeup/site/vendor/laravel/framework/src/Illuminate/Database/Connection.php(338): Illuminate\Database\Connection->run('drop table `phy...', Array, Object(Closure))
#1 /var/www/html/git/lovemeup/site/vendor/laravel/framework/src/Illuminate/Database/Schema/Blueprint.php(63): Illuminate\Database\Connection->statement('drop table `phy...')
#2 /var/www/html/git/lovemeup/site/vendor/laravel/framework/src/Illuminate/Database/Schema/Builder.php(169): Illuminate\Database\Schema\Blueprint->build(Object(Illuminate\Database\MySqlConnection), Object(Illuminate\Database\Schema\Grammars\MySqlGrammar))
#3 /var/www/html/git/lovemeup/site/vendor/laravel/framework/src/Illuminate/Database/Schema/Builder.php(127): Illuminate\Database\Schema\Builder->build(Object(Illuminate\Database\Schema\Blueprint))
#4 /var/www/html/git/lovemeup/site/bootstrap/compiled.php(3155): Illuminate\Database\Schema\Builder->drop('physique')
#5 /var/www/html/git/lovemeup/site/app/database/migrations/2014_05_08_205448_physique_table.php(30): Illuminate\Support\Facades\Facade::__callStatic('drop', Array)
#6 /var/www/html/git/lovemeup/site/app/database/migrations/2014_05_08_205448_physique_table.php(30): Illuminate\Support\Facades\Schema::drop('physique')
#7 /var/www/html/git/lovemeup/site/vendor/laravel/framework/src/Illuminate/Database/Migrations/Migrator.php(197): PhysiqueTable->down()
#8 /var/www/html/git/lovemeup/site/vendor/laravel/framework/src/Illuminate/Database/Migrations/Migrator.php(170): Illuminate\Database\Migrations\Migrator->runDown(Object(stdClass), false)
#9 /var/www/html/git/lovemeup/site/vendor/laravel/framework/src/Illuminate/Database/Console/Migrations/ResetCommand.php(56): Illuminate\Database\Migrations\Migrator->rollback(false)
#10 /var/www/html/git/lovemeup/site/vendor/laravel/framework/src/Illuminate/Console/Command.php(108): Illuminate\Database\Console\Migrations\ResetCommand->fire()
#11 /var/www/html/git/lovemeup/site/vendor/symfony/console/Symfony/Component/Console/Command/Command.php(241): Illuminate\Console\Command->execute(Object(Symfony\Component\Console\Input\ArrayInput), Object(Symfony\Component\Console\Output\ConsoleOutput))
#12 /var/www/html/git/lovemeup/site/vendor/laravel/framework/src/Illuminate/Console/Command.php(96): Symfony\Component\Console\Command\Command->run(Object(Symfony\Component\Console\Input\ArrayInput), Object(Symfony\Component\Console\Output\ConsoleOutput))
#13 /var/www/html/git/lovemeup/site/vendor/laravel/framework/src/Illuminate/Console/Command.php(124): Illuminate\Console\Command->run(Object(Symfony\Component\Console\Input\ArrayInput), Object(Symfony\Component\Console\Output\ConsoleOutput))
#14 /var/www/html/git/lovemeup/site/vendor/laravel/framework/src/Illuminate/Database/Console/Migrations/RefreshCommand.php(31): Illuminate\Console\Command->call('migrate:reset', Array)
#15 /var/www/html/git/lovemeup/site/vendor/laravel/framework/src/Illuminate/Console/Command.php(108): Illuminate\Database\Console\Migrations\RefreshCommand->fire()
#16 /var/www/html/git/lovemeup/site/vendor/symfony/console/Symfony/Component/Console/Command/Command.php(241): Illuminate\Console\Command->execute(Object(Symfony\Component\Console\Input\ArgvInput), Object(Symfony\Component\Console\Output\ConsoleOutput))
#17 /var/www/html/git/lovemeup/site/vendor/laravel/framework/src/Illuminate/Console/Command.php(96): Symfony\Component\Console\Command\Command->run(Object(Symfony\Component\Console\Input\ArgvInput), Object(Symfony\Component\Console\Output\ConsoleOutput))
#18 /var/www/html/git/lovemeup/site/vendor/symfony/console/Symfony/Component/Console/Application.php(895): Illuminate\Console\Command->run(Object(Symfony\Component\Console\Input\ArgvInput), Object(Symfony\Component\Console\Output\ConsoleOutput))
#19 /var/www/html/git/lovemeup/site/vendor/symfony/console/Symfony/Component/Console/Application.php(191): Symfony\Component\Console\Application->doRunCommand(Object(Illuminate\Database\Console\Migrations\RefreshCommand), Object(Symfony\Component\Console\Input\ArgvInput), Object(Symfony\Component\Console\Output\ConsoleOutput))
#20 /var/www/html/git/lovemeup/site/vendor/symfony/console/Symfony/Component/Console/Application.php(121): Symfony\Component\Console\Application->doRun(Object(Symfony\Component\Console\Input\ArgvInput), Object(Symfony\Component\Console\Output\ConsoleOutput))
#21 /var/www/html/git/lovemeup/site/artisan(59): Symfony\Component\Console\Application->run()
#22 {main} [] []
[2014-05-08 21:41:01] production.ERROR: exception 'Illuminate\Database\QueryException' with message 'SQLSTATE[42S01]: Base table or view already exists: 1050 Table 'users' already exists (SQL: create table `users` (`id` int unsigned not null auto_increment primary key, `gender_id` int unsigned not null, `name` varchar(30) not null, `email` varchar(100) not null, `password` varchar(60) not null, `birthYear` int not null, `length` int not null, `isActivated` tinyint(1) not null, `isPaused` tinyint(1) not null, `token` varchar(50) not null, `lastLogin` timestamp default 0 not null, `lastActivity` timestamp default 0 not null, `created_at` timestamp default 0 not null, `updated_at` timestamp default 0 not null) default character set utf8 collate utf8_unicode_ci)' in /var/www/html/git/lovemeup/site/vendor/laravel/framework/src/Illuminate/Database/Connection.php:555
Stack trace:
#0 /var/www/html/git/lovemeup/site/vendor/laravel/framework/src/Illuminate/Database/Connection.php(338): Illuminate\Database\Connection->run('create table `u...', Array, Object(Closure))
#1 /var/www/html/git/lovemeup/site/vendor/laravel/framework/src/Illuminate/Database/Schema/Blueprint.php(63): Illuminate\Database\Connection->statement('create table `u...')
#2 /var/www/html/git/lovemeup/site/vendor/laravel/framework/src/Illuminate/Database/Schema/Builder.php(169): Illuminate\Database\Schema\Blueprint->build(Object(Illuminate\Database\MySqlConnection), Object(Illuminate\Database\Schema\Grammars\MySqlGrammar))
#3 /var/www/html/git/lovemeup/site/vendor/laravel/framework/src/Illuminate/Database/Schema/Builder.php(112): Illuminate\Database\Schema\Builder->build(Object(Illuminate\Database\Schema\Blueprint))
#4 /var/www/html/git/lovemeup/site/bootstrap/compiled.php(3157): Illuminate\Database\Schema\Builder->create('users', Object(Closure))
#5 /var/www/html/git/lovemeup/site/app/database/migrations/2014_05_08_204349_users_table.php(30): Illuminate\Support\Facades\Facade::__callStatic('create', Array)
#6 /var/www/html/git/lovemeup/site/app/database/migrations/2014_05_08_204349_users_table.php(30): Illuminate\Support\Facades\Schema::create('users', Object(Closure))
#7 /var/www/html/git/lovemeup/site/vendor/laravel/framework/src/Illuminate/Database/Migrations/Migrator.php(133): UsersTable->up()
#8 /var/www/html/git/lovemeup/site/vendor/laravel/framework/src/Illuminate/Database/Migrations/Migrator.php(109): Illuminate\Database\Migrations\Migrator->runUp('2014_05_08_2043...', 1, false)
#9 /var/www/html/git/lovemeup/site/vendor/laravel/framework/src/Illuminate/Database/Migrations/Migrator.php(80): Illuminate\Database\Migrations\Migrator->runMigrationList(Array, false)
#10 /var/www/html/git/lovemeup/site/vendor/laravel/framework/src/Illuminate/Database/Console/Migrations/MigrateCommand.php(65): Illuminate\Database\Migrations\Migrator->run('/var/www/html/g...', false)
#11 /var/www/html/git/lovemeup/site/vendor/laravel/framework/src/Illuminate/Console/Command.php(108): Illuminate\Database\Console\Migrations\MigrateCommand->fire()
#12 /var/www/html/git/lovemeup/site/vendor/symfony/console/Symfony/Component/Console/Command/Command.php(241): Illuminate\Console\Command->execute(Object(Symfony\Component\Console\Input\ArrayInput), Object(Symfony\Component\Console\Output\ConsoleOutput))
#13 /var/www/html/git/lovemeup/site/vendor/laravel/framework/src/Illuminate/Console/Command.php(96): Symfony\Component\Console\Command\Command->run(Object(Symfony\Component\Console\Input\ArrayInput), Object(Symfony\Component\Console\Output\ConsoleOutput))
#14 /var/www/html/git/lovemeup/site/vendor/laravel/framework/src/Illuminate/Console/Command.php(124): Illuminate\Console\Command->run(Object(Symfony\Component\Console\Input\ArrayInput), Object(Symfony\Component\Console\Output\ConsoleOutput))
#15 /var/www/html/git/lovemeup/site/vendor/laravel/framework/src/Illuminate/Database/Console/Migrations/RefreshCommand.php(36): Illuminate\Console\Command->call('migrate', Array)
#16 /var/www/html/git/lovemeup/site/vendor/laravel/framework/src/Illuminate/Console/Command.php(108): Illuminate\Database\Console\Migrations\RefreshCommand->fire()
#17 /var/www/html/git/lovemeup/site/vendor/symfony/console/Symfony/Component/Console/Command/Command.php(241): Illuminate\Console\Command->execute(Object(Symfony\Component\Console\Input\ArgvInput), Object(Symfony\Component\Console\Output\ConsoleOutput))
#18 /var/www/html/git/lovemeup/site/vendor/laravel/framework/src/Illuminate/Console/Command.php(96): Symfony\Component\Console\Command\Command->run(Object(Symfony\Component\Console\Input\ArgvInput), Object(Symfony\Component\Console\Output\ConsoleOutput))
#19 /var/www/html/git/lovemeup/site/vendor/symfony/console/Symfony/Component/Console/Application.php(895): Illuminate\Console\Command->run(Object(Symfony\Component\Console\Input\ArgvInput), Object(Symfony\Component\Console\Output\ConsoleOutput))
#20 /var/www/html/git/lovemeup/site/vendor/symfony/console/Symfony/Component/Console/Application.php(191): Symfony\Component\Console\Application->doRunCommand(Object(Illuminate\Database\Console\Migrations\RefreshCommand), Object(Symfony\Component\Console\Input\ArgvInput), Object(Symfony\Component\Console\Output\ConsoleOutput))
#21 /var/www/html/git/lovemeup/site/vendor/symfony/console/Symfony/Component/Console/Application.php(121): Symfony\Component\Console\Application->doRun(Object(Symfony\Component\Console\Input\ArgvInput), Object(Symfony\Component\Console\Output\ConsoleOutput))
#22 /var/www/html/git/lovemeup/site/artisan(59): Symfony\Component\Console\Application->run()
#23 {main} [] []
[2014-05-08 21:41:11] production.ERROR: exception 'Illuminate\Database\QueryException' with message 'SQLSTATE[42S01]: Base table or view already exists: 1050 Table 'users' already exists (SQL: create table `users` (`id` int unsigned not null auto_increment primary key, `gender_id` int unsigned not null, `name` varchar(30) not null, `email` varchar(100) not null, `password` varchar(60) not null, `birthYear` int not null, `length` int not null, `isActivated` tinyint(1) not null, `isPaused` tinyint(1) not null, `token` varchar(50) not null, `lastLogin` timestamp default 0 not null, `lastActivity` timestamp default 0 not null, `created_at` timestamp default 0 not null, `updated_at` timestamp default 0 not null) default character set utf8 collate utf8_unicode_ci)' in /var/www/html/git/lovemeup/site/vendor/laravel/framework/src/Illuminate/Database/Connection.php:555
Stack trace:
#0 /var/www/html/git/lovemeup/site/vendor/laravel/framework/src/Illuminate/Database/Connection.php(338): Illuminate\Database\Connection->run('create table `u...', Array, Object(Closure))
#1 /var/www/html/git/lovemeup/site/vendor/laravel/framework/src/Illuminate/Database/Schema/Blueprint.php(63): Illuminate\Database\Connection->statement('create table `u...')
#2 /var/www/html/git/lovemeup/site/vendor/laravel/framework/src/Illuminate/Database/Schema/Builder.php(169): Illuminate\Database\Schema\Blueprint->build(Object(Illuminate\Database\MySqlConnection), Object(Illuminate\Database\Schema\Grammars\MySqlGrammar))
#3 /var/www/html/git/lovemeup/site/vendor/laravel/framework/src/Illuminate/Database/Schema/Builder.php(112): Illuminate\Database\Schema\Builder->build(Object(Illuminate\Database\Schema\Blueprint))
#4 /var/www/html/git/lovemeup/site/bootstrap/compiled.php(3157): Illuminate\Database\Schema\Builder->create('users', Object(Closure))
#5 /var/www/html/git/lovemeup/site/app/database/migrations/2014_05_08_204349_users_table.php(30): Illuminate\Support\Facades\Facade::__callStatic('create', Array)
#6 /var/www/html/git/lovemeup/site/app/database/migrations/2014_05_08_204349_users_table.php(30): Illuminate\Support\Facades\Schema::create('users', Object(Closure))
#7 /var/www/html/git/lovemeup/site/vendor/laravel/framework/src/Illuminate/Database/Migrations/Migrator.php(133): UsersTable->up()
#8 /var/www/html/git/lovemeup/site/vendor/laravel/framework/src/Illuminate/Database/Migrations/Migrator.php(109): Illuminate\Database\Migrations\Migrator->runUp('2014_05_08_2043...', 1, false)
#9 /var/www/html/git/lovemeup/site/vendor/laravel/framework/src/Illuminate/Database/Migrations/Migrator.php(80): Illuminate\Database\Migrations\Migrator->runMigrationList(Array, false)
#10 /var/www/html/git/lovemeup/site/vendor/laravel/framework/src/Illuminate/Database/Console/Migrations/MigrateCommand.php(65): Illuminate\Database\Migrations\Migrator->run('/var/www/html/g...', false)
#11 /var/www/html/git/lovemeup/site/vendor/laravel/framework/src/Illuminate/Console/Command.php(108): Illuminate\Database\Console\Migrations\MigrateCommand->fire()
#12 /var/www/html/git/lovemeup/site/vendor/symfony/console/Symfony/Component/Console/Command/Command.php(241): Illuminate\Console\Command->execute(Object(Symfony\Component\Console\Input\ArrayInput), Object(Symfony\Component\Console\Output\ConsoleOutput))
#13 /var/www/html/git/lovemeup/site/vendor/laravel/framework/src/Illuminate/Console/Command.php(96): Symfony\Component\Console\Command\Command->run(Object(Symfony\Component\Console\Input\ArrayInput), Object(Symfony\Component\Console\Output\ConsoleOutput))
#14 /var/www/html/git/lovemeup/site/vendor/laravel/framework/src/Illuminate/Console/Command.php(124): Illuminate\Console\Command->run(Object(Symfony\Component\Console\Input\ArrayInput), Object(Symfony\Component\Console\Output\ConsoleOutput))
#15 /var/www/html/git/lovemeup/site/vendor/laravel/framework/src/Illuminate/Database/Console/Migrations/RefreshCommand.php(36): Illuminate\Console\Command->call('migrate', Array)
#16 /var/www/html/git/lovemeup/site/vendor/laravel/framework/src/Illuminate/Console/Command.php(108): Illuminate\Database\Console\Migrations\RefreshCommand->fire()
#17 /var/www/html/git/lovemeup/site/vendor/symfony/console/Symfony/Component/Console/Command/Command.php(241): Illuminate\Console\Command->execute(Object(Symfony\Component\Console\Input\ArgvInput), Object(Symfony\Component\Console\Output\ConsoleOutput))
#18 /var/www/html/git/lovemeup/site/vendor/laravel/framework/src/Illuminate/Console/Command.php(96): Symfony\Component\Console\Command\Command->run(Object(Symfony\Component\Console\Input\ArgvInput), Object(Symfony\Component\Console\Output\ConsoleOutput))
#19 /var/www/html/git/lovemeup/site/vendor/symfony/console/Symfony/Component/Console/Application.php(895): Illuminate\Console\Command->run(Object(Symfony\Component\Console\Input\ArgvInput), Object(Symfony\Component\Console\Output\ConsoleOutput))
#20 /var/www/html/git/lovemeup/site/vendor/symfony/console/Symfony/Component/Console/Application.php(191): Symfony\Component\Console\Application->doRunCommand(Object(Illuminate\Database\Console\Migrations\RefreshCommand), Object(Symfony\Component\Console\Input\ArgvInput), Object(Symfony\Component\Console\Output\ConsoleOutput))
#21 /var/www/html/git/lovemeup/site/vendor/symfony/console/Symfony/Component/Console/Application.php(121): Symfony\Component\Console\Application->doRun(Object(Symfony\Component\Console\Input\ArgvInput), Object(Symfony\Component\Console\Output\ConsoleOutput))
#22 /var/www/html/git/lovemeup/site/artisan(59): Symfony\Component\Console\Application->run()
#23 {main} [] []
[2014-05-08 21:41:38] production.ERROR: exception 'Illuminate\Database\QueryException' with message 'SQLSTATE[42S01]: Base table or view already exists: 1050 Table 'users' already exists (SQL: create table `users` (`id` int unsigned not null auto_increment primary key, `gender_id` int unsigned not null, `name` varchar(30) not null, `email` varchar(100) not null, `password` varchar(60) not null, `birthYear` int not null, `length` int not null, `isActivated` tinyint(1) not null, `isPaused` tinyint(1) not null, `token` varchar(50) not null, `lastLogin` timestamp default 0 not null, `lastActivity` timestamp default 0 not null, `created_at` timestamp default 0 not null, `updated_at` timestamp default 0 not null) default character set utf8 collate utf8_unicode_ci)' in /var/www/html/git/lovemeup/site/vendor/laravel/framework/src/Illuminate/Database/Connection.php:555
Stack trace:
#0 /var/www/html/git/lovemeup/site/vendor/laravel/framework/src/Illuminate/Database/Connection.php(338): Illuminate\Database\Connection->run('create table `u...', Array, Object(Closure))
#1 /var/www/html/git/lovemeup/site/vendor/laravel/framework/src/Illuminate/Database/Schema/Blueprint.php(63): Illuminate\Database\Connection->statement('create table `u...')
#2 /var/www/html/git/lovemeup/site/vendor/laravel/framework/src/Illuminate/Database/Schema/Builder.php(169): Illuminate\Database\Schema\Blueprint->build(Object(Illuminate\Database\MySqlConnection), Object(Illuminate\Database\Schema\Grammars\MySqlGrammar))
#3 /var/www/html/git/lovemeup/site/vendor/laravel/framework/src/Illuminate/Database/Schema/Builder.php(112): Illuminate\Database\Schema\Builder->build(Object(Illuminate\Database\Schema\Blueprint))
#4 /var/www/html/git/lovemeup/site/bootstrap/compiled.php(3157): Illuminate\Database\Schema\Builder->create('users', Object(Closure))
#5 /var/www/html/git/lovemeup/site/app/database/migrations/2014_05_08_204349_users_table.php(30): Illuminate\Support\Facades\Facade::__callStatic('create', Array)
#6 /var/www/html/git/lovemeup/site/app/database/migrations/2014_05_08_204349_users_table.php(30): Illuminate\Support\Facades\Schema::create('users', Object(Closure))
#7 /var/www/html/git/lovemeup/site/vendor/laravel/framework/src/Illuminate/Database/Migrations/Migrator.php(133): UsersTable->up()
#8 /var/www/html/git/lovemeup/site/vendor/laravel/framework/src/Illuminate/Database/Migrations/Migrator.php(109): Illuminate\Database\Migrations\Migrator->runUp('2014_05_08_2043...', 1, false)
#9 /var/www/html/git/lovemeup/site/vendor/laravel/framework/src/Illuminate/Database/Migrations/Migrator.php(80): Illuminate\Database\Migrations\Migrator->runMigrationList(Array, false)
#10 /var/www/html/git/lovemeup/site/vendor/laravel/framework/src/Illuminate/Database/Console/Migrations/MigrateCommand.php(65): Illuminate\Database\Migrations\Migrator->run('/var/www/html/g...', false)
#11 /var/www/html/git/lovemeup/site/vendor/laravel/framework/src/Illuminate/Console/Command.php(108): Illuminate\Database\Console\Migrations\MigrateCommand->fire()
#12 /var/www/html/git/lovemeup/site/vendor/symfony/console/Symfony/Component/Console/Command/Command.php(241): Illuminate\Console\Command->execute(Object(Symfony\Component\Console\Input\ArrayInput), Object(Symfony\Component\Console\Output\ConsoleOutput))
#13 /var/www/html/git/lovemeup/site/vendor/laravel/framework/src/Illuminate/Console/Command.php(96): Symfony\Component\Console\Command\Command->run(Object(Symfony\Component\Console\Input\ArrayInput), Object(Symfony\Component\Console\Output\ConsoleOutput))
#14 /var/www/html/git/lovemeup/site/vendor/laravel/framework/src/Illuminate/Console/Command.php(124): Illuminate\Console\Command->run(Object(Symfony\Component\Console\Input\ArrayInput), Object(Symfony\Component\Console\Output\ConsoleOutput))
#15 /var/www/html/git/lovemeup/site/vendor/laravel/framework/src/Illuminate/Database/Console/Migrations/RefreshCommand.php(36): Illuminate\Console\Command->call('migrate', Array)
#16 /var/www/html/git/lovemeup/site/vendor/laravel/framework/src/Illuminate/Console/Command.php(108): Illuminate\Database\Console\Migrations\RefreshCommand->fire()
#17 /var/www/html/git/lovemeup/site/vendor/symfony/console/Symfony/Component/Console/Command/Command.php(241): Illuminate\Console\Command->execute(Object(Symfony\Component\Console\Input\ArgvInput), Object(Symfony\Component\Console\Output\ConsoleOutput))
#18 /var/www/html/git/lovemeup/site/vendor/laravel/framework/src/Illuminate/Console/Command.php(96): Symfony\Component\Console\Command\Command->run(Object(Symfony\Component\Console\Input\ArgvInput), Object(Symfony\Component\Console\Output\ConsoleOutput))
#19 /var/www/html/git/lovemeup/site/vendor/symfony/console/Symfony/Component/Console/Application.php(895): Illuminate\Console\Command->run(Object(Symfony\Component\Console\Input\ArgvInput), Object(Symfony\Component\Console\Output\ConsoleOutput))
#20 /var/www/html/git/lovemeup/site/vendor/symfony/console/Symfony/Component/Console/Application.php(191): Symfony\Component\Console\Application->doRunCommand(Object(Illuminate\Database\Console\Migrations\RefreshCommand), Object(Symfony\Component\Console\Input\ArgvInput), Object(Symfony\Component\Console\Output\ConsoleOutput))
#21 /var/www/html/git/lovemeup/site/vendor/symfony/console/Symfony/Component/Console/Application.php(121): Symfony\Component\Console\Application->doRun(Object(Symfony\Component\Console\Input\ArgvInput), Object(Symfony\Component\Console\Output\ConsoleOutput))
#22 /var/www/html/git/lovemeup/site/artisan(59): Symfony\Component\Console\Application->run()
#23 {main} [] []
[2014-05-08 21:42:01] production.ERROR: exception 'Illuminate\Database\QueryException' with message 'SQLSTATE[42S01]: Base table or view already exists: 1050 Table 'users' already exists (SQL: create table `users` (`id` int unsigned not null auto_increment primary key, `gender_id` int unsigned not null, `name` varchar(30) not null, `email` varchar(100) not null, `password` varchar(60) not null, `birthYear` int not null, `length` int not null, `isActivated` tinyint(1) not null, `isPaused` tinyint(1) not null, `token` varchar(50) not null, `lastLogin` timestamp default 0 not null, `lastActivity` timestamp default 0 not null, `created_at` timestamp default 0 not null, `updated_at` timestamp default 0 not null) default character set utf8 collate utf8_unicode_ci)' in /var/www/html/git/lovemeup/site/vendor/laravel/framework/src/Illuminate/Database/Connection.php:555
Stack trace:
#0 /var/www/html/git/lovemeup/site/vendor/laravel/framework/src/Illuminate/Database/Connection.php(338): Illuminate\Database\Connection->run('create table `u...', Array, Object(Closure))
#1 /var/www/html/git/lovemeup/site/vendor/laravel/framework/src/Illuminate/Database/Schema/Blueprint.php(63): Illuminate\Database\Connection->statement('create table `u...')
#2 /var/www/html/git/lovemeup/site/vendor/laravel/framework/src/Illuminate/Database/Schema/Builder.php(169): Illuminate\Database\Schema\Blueprint->build(Object(Illuminate\Database\MySqlConnection), Object(Illuminate\Database\Schema\Grammars\MySqlGrammar))
#3 /var/www/html/git/lovemeup/site/vendor/laravel/framework/src/Illuminate/Database/Schema/Builder.php(112): Illuminate\Database\Schema\Builder->build(Object(Illuminate\Database\Schema\Blueprint))
#4 /var/www/html/git/lovemeup/site/bootstrap/compiled.php(3157): Illuminate\Database\Schema\Builder->create('users', Object(Closure))
#5 /var/www/html/git/lovemeup/site/app/database/migrations/2014_05_08_204349_users_table.php(30): Illuminate\Support\Facades\Facade::__callStatic('create', Array)
#6 /var/www/html/git/lovemeup/site/app/database/migrations/2014_05_08_204349_users_table.php(30): Illuminate\Support\Facades\Schema::create('users', Object(Closure))
#7 /var/www/html/git/lovemeup/site/vendor/laravel/framework/src/Illuminate/Database/Migrations/Migrator.php(133): UsersTable->up()
#8 /var/www/html/git/lovemeup/site/vendor/laravel/framework/src/Illuminate/Database/Migrations/Migrator.php(109): Illuminate\Database\Migrations\Migrator->runUp('2014_05_08_2043...', 1, false)
#9 /var/www/html/git/lovemeup/site/vendor/laravel/framework/src/Illuminate/Database/Migrations/Migrator.php(80): Illuminate\Database\Migrations\Migrator->runMigrationList(Array, false)
#10 /var/www/html/git/lovemeup/site/vendor/laravel/framework/src/Illuminate/Database/Console/Migrations/MigrateCommand.php(65): Illuminate\Database\Migrations\Migrator->run('/var/www/html/g...', false)
#11 /var/www/html/git/lovemeup/site/vendor/laravel/framework/src/Illuminate/Console/Command.php(108): Illuminate\Database\Console\Migrations\MigrateCommand->fire()
#12 /var/www/html/git/lovemeup/site/vendor/symfony/console/Symfony/Component/Console/Command/Command.php(241): Illuminate\Console\Command->execute(Object(Symfony\Component\Console\Input\ArrayInput), Object(Symfony\Component\Console\Output\ConsoleOutput))
#13 /var/www/html/git/lovemeup/site/vendor/laravel/framework/src/Illuminate/Console/Command.php(96): Symfony\Component\Console\Command\Command->run(Object(Symfony\Component\Console\Input\ArrayInput), Object(Symfony\Component\Console\Output\ConsoleOutput))
#14 /var/www/html/git/lovemeup/site/vendor/laravel/framework/src/Illuminate/Console/Command.php(124): Illuminate\Console\Command->run(Object(Symfony\Component\Console\Input\ArrayInput), Object(Symfony\Component\Console\Output\ConsoleOutput))
#15 /var/www/html/git/lovemeup/site/vendor/laravel/framework/src/Illuminate/Database/Console/Migrations/RefreshCommand.php(36): Illuminate\Console\Command->call('migrate', Array)
#16 /var/www/html/git/lovemeup/site/vendor/laravel/framework/src/Illuminate/Console/Command.php(108): Illuminate\Database\Console\Migrations\RefreshCommand->fire()
#17 /var/www/html/git/lovemeup/site/vendor/symfony/console/Symfony/Component/Console/Command/Command.php(241): Illuminate\Console\Command->execute(Object(Symfony\Component\Console\Input\ArgvInput), Object(Symfony\Component\Console\Output\ConsoleOutput))
#18 /var/www/html/git/lovemeup/site/vendor/laravel/framework/src/Illuminate/Console/Command.php(96): Symfony\Component\Console\Command\Command->run(Object(Symfony\Component\Console\Input\ArgvInput), Object(Symfony\Component\Console\Output\ConsoleOutput))
#19 /var/www/html/git/lovemeup/site/vendor/symfony/console/Symfony/Component/Console/Application.php(895): Illuminate\Console\Command->run(Object(Symfony\Component\Console\Input\ArgvInput), Object(Symfony\Component\Console\Output\ConsoleOutput))
#20 /var/www/html/git/lovemeup/site/vendor/symfony/console/Symfony/Component/Console/Application.php(191): Symfony\Component\Console\Application->doRunCommand(Object(Illuminate\Database\Console\Migrations\RefreshCommand), Object(Symfony\Component\Console\Input\ArgvInput), Object(Symfony\Component\Console\Output\ConsoleOutput))
#21 /var/www/html/git/lovemeup/site/vendor/symfony/console/Symfony/Component/Console/Application.php(121): Symfony\Component\Console\Application->doRun(Object(Symfony\Component\Console\Input\ArgvInput), Object(Symfony\Component\Console\Output\ConsoleOutput))
#22 /var/www/html/git/lovemeup/site/artisan(59): Symfony\Component\Console\Application->run()
#23 {main} [] []
[2014-05-08 21:42:40] production.ERROR: exception 'Illuminate\Database\QueryException' with message 'SQLSTATE[42S01]: Base table or view already exists: 1050 Table 'users' already exists (SQL: create table `users` (`id` int unsigned not null auto_increment primary key, `gender_id` int unsigned not null, `name` varchar(30) not null, `email` varchar(100) not null, `password` varchar(60) not null, `birthYear` int not null, `length` int not null, `isActivated` tinyint(1) not null, `isPaused` tinyint(1) not null, `token` varchar(50) not null, `lastLogin` timestamp default 0 not null, `lastActivity` timestamp default 0 not null, `created_at` timestamp default 0 not null, `updated_at` timestamp default 0 not null) default character set utf8 collate utf8_unicode_ci)' in /var/www/html/git/lovemeup/site/vendor/laravel/framework/src/Illuminate/Database/Connection.php:555
Stack trace:
#0 /var/www/html/git/lovemeup/site/vendor/laravel/framework/src/Illuminate/Database/Connection.php(338): Illuminate\Database\Connection->run('create table `u...', Array, Object(Closure))
#1 /var/www/html/git/lovemeup/site/vendor/laravel/framework/src/Illuminate/Database/Schema/Blueprint.php(63): Illuminate\Database\Connection->statement('create table `u...')
#2 /var/www/html/git/lovemeup/site/vendor/laravel/framework/src/Illuminate/Database/Schema/Builder.php(169): Illuminate\Database\Schema\Blueprint->build(Object(Illuminate\Database\MySqlConnection), Object(Illuminate\Database\Schema\Grammars\MySqlGrammar))
#3 /var/www/html/git/lovemeup/site/vendor/laravel/framework/src/Illuminate/Database/Schema/Builder.php(112): Illuminate\Database\Schema\Builder->build(Object(Illuminate\Database\Schema\Blueprint))
#4 /var/www/html/git/lovemeup/site/bootstrap/compiled.php(3157): Illuminate\Database\Schema\Builder->create('users', Object(Closure))
#5 /var/www/html/git/lovemeup/site/app/database/migrations/2014_05_08_204349_users_table.php(30): Illuminate\Support\Facades\Facade::__callStatic('create', Array)
#6 /var/www/html/git/lovemeup/site/app/database/migrations/2014_05_08_204349_users_table.php(30): Illuminate\Support\Facades\Schema::create('users', Object(Closure))
#7 /var/www/html/git/lovemeup/site/vendor/laravel/framework/src/Illuminate/Database/Migrations/Migrator.php(133): UsersTable->up()
#8 /var/www/html/git/lovemeup/site/vendor/laravel/framework/src/Illuminate/Database/Migrations/Migrator.php(109): Illuminate\Database\Migrations\Migrator->runUp('2014_05_08_2043...', 1, false)
#9 /var/www/html/git/lovemeup/site/vendor/laravel/framework/src/Illuminate/Database/Migrations/Migrator.php(80): Illuminate\Database\Migrations\Migrator->runMigrationList(Array, false)
#10 /var/www/html/git/lovemeup/site/vendor/laravel/framework/src/Illuminate/Database/Console/Migrations/MigrateCommand.php(65): Illuminate\Database\Migrations\Migrator->run('/var/www/html/g...', false)
#11 /var/www/html/git/lovemeup/site/vendor/laravel/framework/src/Illuminate/Console/Command.php(108): Illuminate\Database\Console\Migrations\MigrateCommand->fire()
#12 /var/www/html/git/lovemeup/site/vendor/symfony/console/Symfony/Component/Console/Command/Command.php(241): Illuminate\Console\Command->execute(Object(Symfony\Component\Console\Input\ArrayInput), Object(Symfony\Component\Console\Output\ConsoleOutput))
#13 /var/www/html/git/lovemeup/site/vendor/laravel/framework/src/Illuminate/Console/Command.php(96): Symfony\Component\Console\Command\Command->run(Object(Symfony\Component\Console\Input\ArrayInput), Object(Symfony\Component\Console\Output\ConsoleOutput))
#14 /var/www/html/git/lovemeup/site/vendor/laravel/framework/src/Illuminate/Console/Command.php(124): Illuminate\Console\Command->run(Object(Symfony\Component\Console\Input\ArrayInput), Object(Symfony\Component\Console\Output\ConsoleOutput))
#15 /var/www/html/git/lovemeup/site/vendor/laravel/framework/src/Illuminate/Database/Console/Migrations/RefreshCommand.php(36): Illuminate\Console\Command->call('migrate', Array)
#16 /var/www/html/git/lovemeup/site/vendor/laravel/framework/src/Illuminate/Console/Command.php(108): Illuminate\Database\Console\Migrations\RefreshCommand->fire()
#17 /var/www/html/git/lovemeup/site/vendor/symfony/console/Symfony/Component/Console/Command/Command.php(241): Illuminate\Console\Command->execute(Object(Symfony\Component\Console\Input\ArgvInput), Object(Symfony\Component\Console\Output\ConsoleOutput))
#18 /var/www/html/git/lovemeup/site/vendor/laravel/framework/src/Illuminate/Console/Command.php(96): Symfony\Component\Console\Command\Command->run(Object(Symfony\Component\Console\Input\ArgvInput), Object(Symfony\Component\Console\Output\ConsoleOutput))
#19 /var/www/html/git/lovemeup/site/vendor/symfony/console/Symfony/Component/Console/Application.php(895): Illuminate\Console\Command->run(Object(Symfony\Component\Console\Input\ArgvInput), Object(Symfony\Component\Console\Output\ConsoleOutput))
#20 /var/www/html/git/lovemeup/site/vendor/symfony/console/Symfony/Component/Console/Application.php(191): Symfony\Component\Console\Application->doRunCommand(Object(Illuminate\Database\Console\Migrations\RefreshCommand), Object(Symfony\Component\Console\Input\ArgvInput), Object(Symfony\Component\Console\Output\ConsoleOutput))
#21 /var/www/html/git/lovemeup/site/vendor/symfony/console/Symfony/Component/Console/Application.php(121): Symfony\Component\Console\Application->doRun(Object(Symfony\Component\Console\Input\ArgvInput), Object(Symfony\Component\Console\Output\ConsoleOutput))
#22 /var/www/html/git/lovemeup/site/artisan(59): Symfony\Component\Console\Application->run()
#23 {main} [] []
[2014-05-08 21:43:18] production.ERROR: exception 'Illuminate\Database\QueryException' with message 'SQLSTATE[42S02]: Base table or view not found: 1146 Table 'lovemeup-db.migrations' doesn't exist (SQL: select max(`batch`) as aggregate from `migrations`)' in /var/www/html/git/lovemeup/site/vendor/laravel/framework/src/Illuminate/Database/Connection.php:555
Stack trace:
#0 /var/www/html/git/lovemeup/site/vendor/laravel/framework/src/Illuminate/Database/Connection.php(283): Illuminate\Database\Connection->run('select max(`bat...', Array, Object(Closure))
#1 /var/www/html/git/lovemeup/site/vendor/laravel/framework/src/Illuminate/Database/Query/Builder.php(1284): Illuminate\Database\Connection->select('select max(`bat...', Array)
#2 /var/www/html/git/lovemeup/site/vendor/laravel/framework/src/Illuminate/Database/Query/Builder.php(1274): Illuminate\Database\Query\Builder->runSelect()
#3 /var/www/html/git/lovemeup/site/vendor/laravel/framework/src/Illuminate/Database/Query/Builder.php(1261): Illuminate\Database\Query\Builder->getFresh(Array)
#4 /var/www/html/git/lovemeup/site/vendor/laravel/framework/src/Illuminate/Database/Query/Builder.php(1647): Illuminate\Database\Query\Builder->get(Array)
#5 /var/www/html/git/lovemeup/site/vendor/laravel/framework/src/Illuminate/Database/Query/Builder.php(1611): Illuminate\Database\Query\Builder->aggregate('max', Array)
#6 /var/www/html/git/lovemeup/site/vendor/laravel/framework/src/Illuminate/Database/Migrations/DatabaseMigrationRepository.php(105): Illuminate\Database\Query\Builder->max('batch')
#7 /var/www/html/git/lovemeup/site/vendor/laravel/framework/src/Illuminate/Database/Migrations/DatabaseMigrationRepository.php(58): Illuminate\Database\Migrations\DatabaseMigrationRepository->getLastBatchNumber()
#8 /var/www/html/git/lovemeup/site/vendor/laravel/framework/src/Illuminate/Database/Migrations/Migrator.php(156): Illuminate\Database\Migrations\DatabaseMigrationRepository->getLast()
#9 /var/www/html/git/lovemeup/site/vendor/laravel/framework/src/Illuminate/Database/Console/Migrations/ResetCommand.php(56): Illuminate\Database\Migrations\Migrator->rollback(false)
#10 /var/www/html/git/lovemeup/site/vendor/laravel/framework/src/Illuminate/Console/Command.php(108): Illuminate\Database\Console\Migrations\ResetCommand->fire()
#11 /var/www/html/git/lovemeup/site/vendor/symfony/console/Symfony/Component/Console/Command/Command.php(241): Illuminate\Console\Command->execute(Object(Symfony\Component\Console\Input\ArrayInput), Object(Symfony\Component\Console\Output\ConsoleOutput))
#12 /var/www/html/git/lovemeup/site/vendor/laravel/framework/src/Illuminate/Console/Command.php(96): Symfony\Component\Console\Command\Command->run(Object(Symfony\Component\Console\Input\ArrayInput), Object(Symfony\Component\Console\Output\ConsoleOutput))
#13 /var/www/html/git/lovemeup/site/vendor/laravel/framework/src/Illuminate/Console/Command.php(124): Illuminate\Console\Command->run(Object(Symfony\Component\Console\Input\ArrayInput), Object(Symfony\Component\Console\Output\ConsoleOutput))
#14 /var/www/html/git/lovemeup/site/vendor/laravel/framework/src/Illuminate/Database/Console/Migrations/RefreshCommand.php(31): Illuminate\Console\Command->call('migrate:reset', Array)
#15 /var/www/html/git/lovemeup/site/vendor/laravel/framework/src/Illuminate/Console/Command.php(108): Illuminate\Database\Console\Migrations\RefreshCommand->fire()
#16 /var/www/html/git/lovemeup/site/vendor/symfony/console/Symfony/Component/Console/Command/Command.php(241): Illuminate\Console\Command->execute(Object(Symfony\Component\Console\Input\ArgvInput), Object(Symfony\Component\Console\Output\ConsoleOutput))
#17 /var/www/html/git/lovemeup/site/vendor/laravel/framework/src/Illuminate/Console/Command.php(96): Symfony\Component\Console\Command\Command->run(Object(Symfony\Component\Console\Input\ArgvInput), Object(Symfony\Component\Console\Output\ConsoleOutput))
#18 /var/www/html/git/lovemeup/site/vendor/symfony/console/Symfony/Component/Console/Application.php(895): Illuminate\Console\Command->run(Object(Symfony\Component\Console\Input\ArgvInput), Object(Symfony\Component\Console\Output\ConsoleOutput))
#19 /var/www/html/git/lovemeup/site/vendor/symfony/console/Symfony/Component/Console/Application.php(191): Symfony\Component\Console\Application->doRunCommand(Object(Illuminate\Database\Console\Migrations\RefreshCommand), Object(Symfony\Component\Console\Input\ArgvInput), Object(Symfony\Component\Console\Output\ConsoleOutput))
#20 /var/www/html/git/lovemeup/site/vendor/symfony/console/Symfony/Component/Console/Application.php(121): Symfony\Component\Console\Application->doRun(Object(Symfony\Component\Console\Input\ArgvInput), Object(Symfony\Component\Console\Output\ConsoleOutput))
#21 /var/www/html/git/lovemeup/site/artisan(59): Symfony\Component\Console\Application->run()
#22 {main} [] []
[2014-05-08 21:43:45] production.ERROR: exception 'Illuminate\Database\QueryException' with message 'SQLSTATE[42S02]: Base table or view not found: 1146 Table 'lovemeup-db.migrations' doesn't exist (SQL: select max(`batch`) as aggregate from `migrations`)' in /var/www/html/git/lovemeup/site/vendor/laravel/framework/src/Illuminate/Database/Connection.php:555
Stack trace:
#0 /var/www/html/git/lovemeup/site/vendor/laravel/framework/src/Illuminate/Database/Connection.php(283): Illuminate\Database\Connection->run('select max(`bat...', Array, Object(Closure))
#1 /var/www/html/git/lovemeup/site/vendor/laravel/framework/src/Illuminate/Database/Query/Builder.php(1284): Illuminate\Database\Connection->select('select max(`bat...', Array)
#2 /var/www/html/git/lovemeup/site/vendor/laravel/framework/src/Illuminate/Database/Query/Builder.php(1274): Illuminate\Database\Query\Builder->runSelect()
#3 /var/www/html/git/lovemeup/site/vendor/laravel/framework/src/Illuminate/Database/Query/Builder.php(1261): Illuminate\Database\Query\Builder->getFresh(Array)
#4 /var/www/html/git/lovemeup/site/vendor/laravel/framework/src/Illuminate/Database/Query/Builder.php(1647): Illuminate\Database\Query\Builder->get(Array)
#5 /var/www/html/git/lovemeup/site/vendor/laravel/framework/src/Illuminate/Database/Query/Builder.php(1611): Illuminate\Database\Query\Builder->aggregate('max', Array)
#6 /var/www/html/git/lovemeup/site/vendor/laravel/framework/src/Illuminate/Database/Migrations/DatabaseMigrationRepository.php(105): Illuminate\Database\Query\Builder->max('batch')
#7 /var/www/html/git/lovemeup/site/vendor/laravel/framework/src/Illuminate/Database/Migrations/DatabaseMigrationRepository.php(58): Illuminate\Database\Migrations\DatabaseMigrationRepository->getLastBatchNumber()
#8 /var/www/html/git/lovemeup/site/vendor/laravel/framework/src/Illuminate/Database/Migrations/Migrator.php(156): Illuminate\Database\Migrations\DatabaseMigrationRepository->getLast()
#9 /var/www/html/git/lovemeup/site/vendor/laravel/framework/src/Illuminate/Database/Console/Migrations/ResetCommand.php(56): Illuminate\Database\Migrations\Migrator->rollback(false)
#10 /var/www/html/git/lovemeup/site/vendor/laravel/framework/src/Illuminate/Console/Command.php(108): Illuminate\Database\Console\Migrations\ResetCommand->fire()
#11 /var/www/html/git/lovemeup/site/vendor/symfony/console/Symfony/Component/Console/Command/Command.php(241): Illuminate\Console\Command->execute(Object(Symfony\Component\Console\Input\ArrayInput), Object(Symfony\Component\Console\Output\ConsoleOutput))
#12 /var/www/html/git/lovemeup/site/vendor/laravel/framework/src/Illuminate/Console/Command.php(96): Symfony\Component\Console\Command\Command->run(Object(Symfony\Component\Console\Input\ArrayInput), Object(Symfony\Component\Console\Output\ConsoleOutput))
#13 /var/www/html/git/lovemeup/site/vendor/laravel/framework/src/Illuminate/Console/Command.php(124): Illuminate\Console\Command->run(Object(Symfony\Component\Console\Input\ArrayInput), Object(Symfony\Component\Console\Output\ConsoleOutput))
#14 /var/www/html/git/lovemeup/site/vendor/laravel/framework/src/Illuminate/Database/Console/Migrations/RefreshCommand.php(31): Illuminate\Console\Command->call('migrate:reset', Array)
#15 /var/www/html/git/lovemeup/site/vendor/laravel/framework/src/Illuminate/Console/Command.php(108): Illuminate\Database\Console\Migrations\RefreshCommand->fire()
#16 /var/www/html/git/lovemeup/site/vendor/symfony/console/Symfony/Component/Console/Command/Command.php(241): Illuminate\Console\Command->execute(Object(Symfony\Component\Console\Input\ArgvInput), Object(Symfony\Component\Console\Output\ConsoleOutput))
#17 /var/www/html/git/lovemeup/site/vendor/laravel/framework/src/Illuminate/Console/Command.php(96): Symfony\Component\Console\Command\Command->run(Object(Symfony\Component\Console\Input\ArgvInput), Object(Symfony\Component\Console\Output\ConsoleOutput))
#18 /var/www/html/git/lovemeup/site/vendor/symfony/console/Symfony/Component/Console/Application.php(895): Illuminate\Console\Command->run(Object(Symfony\Component\Console\Input\ArgvInput), Object(Symfony\Component\Console\Output\ConsoleOutput))
#19 /var/www/html/git/lovemeup/site/vendor/symfony/console/Symfony/Component/Console/Application.php(191): Symfony\Component\Console\Application->doRunCommand(Object(Illuminate\Database\Console\Migrations\RefreshCommand), Object(Symfony\Component\Console\Input\ArgvInput), Object(Symfony\Component\Console\Output\ConsoleOutput))
#20 /var/www/html/git/lovemeup/site/vendor/symfony/console/Symfony/Component/Console/Application.php(121): Symfony\Component\Console\Application->doRun(Object(Symfony\Component\Console\Input\ArgvInput), Object(Symfony\Component\Console\Output\ConsoleOutput))
#21 /var/www/html/git/lovemeup/site/artisan(59): Symfony\Component\Console\Application->run()
#22 {main} [] []
[2014-05-08 21:48:00] production.ERROR: exception 'Illuminate\Database\QueryException' with message 'SQLSTATE[42S02]: Base table or view not found: 1051 Unknown table 'relationship_statuses' (SQL: drop table `relationship_statuses`)' in /var/www/html/git/lovemeup/site/vendor/laravel/framework/src/Illuminate/Database/Connection.php:555
Stack trace:
#0 /var/www/html/git/lovemeup/site/vendor/laravel/framework/src/Illuminate/Database/Connection.php(338): Illuminate\Database\Connection->run('drop table `rel...', Array, Object(Closure))
#1 /var/www/html/git/lovemeup/site/vendor/laravel/framework/src/Illuminate/Database/Schema/Blueprint.php(63): Illuminate\Database\Connection->statement('drop table `rel...')
#2 /var/www/html/git/lovemeup/site/vendor/laravel/framework/src/Illuminate/Database/Schema/Builder.php(169): Illuminate\Database\Schema\Blueprint->build(Object(Illuminate\Database\MySqlConnection), Object(Illuminate\Database\Schema\Grammars\MySqlGrammar))
#3 /var/www/html/git/lovemeup/site/vendor/laravel/framework/src/Illuminate/Database/Schema/Builder.php(127): Illuminate\Database\Schema\Builder->build(Object(Illuminate\Database\Schema\Blueprint))
#4 /var/www/html/git/lovemeup/site/bootstrap/compiled.php(3155): Illuminate\Database\Schema\Builder->drop('relationship_st...')
#5 /var/www/html/git/lovemeup/site/app/database/migrations/2014_05_08_205257_relationship_statuses_table.php(30): Illuminate\Support\Facades\Facade::__callStatic('drop', Array)
#6 /var/www/html/git/lovemeup/site/app/database/migrations/2014_05_08_205257_relationship_statuses_table.php(30): Illuminate\Support\Facades\Schema::drop('relationship_st...')
#7 /var/www/html/git/lovemeup/site/vendor/laravel/framework/src/Illuminate/Database/Migrations/Migrator.php(197): RelationshipStatusesTable->down()
#8 /var/www/html/git/lovemeup/site/vendor/laravel/framework/src/Illuminate/Database/Migrations/Migrator.php(170): Illuminate\Database\Migrations\Migrator->runDown(Object(stdClass), false)
#9 /var/www/html/git/lovemeup/site/vendor/laravel/framework/src/Illuminate/Database/Console/Migrations/ResetCommand.php(56): Illuminate\Database\Migrations\Migrator->rollback(false)
#10 /var/www/html/git/lovemeup/site/vendor/laravel/framework/src/Illuminate/Console/Command.php(108): Illuminate\Database\Console\Migrations\ResetCommand->fire()
#11 /var/www/html/git/lovemeup/site/vendor/symfony/console/Symfony/Component/Console/Command/Command.php(241): Illuminate\Console\Command->execute(Object(Symfony\Component\Console\Input\ArrayInput), Object(Symfony\Component\Console\Output\ConsoleOutput))
#12 /var/www/html/git/lovemeup/site/vendor/laravel/framework/src/Illuminate/Console/Command.php(96): Symfony\Component\Console\Command\Command->run(Object(Symfony\Component\Console\Input\ArrayInput), Object(Symfony\Component\Console\Output\ConsoleOutput))
#13 /var/www/html/git/lovemeup/site/vendor/laravel/framework/src/Illuminate/Console/Command.php(124): Illuminate\Console\Command->run(Object(Symfony\Component\Console\Input\ArrayInput), Object(Symfony\Component\Console\Output\ConsoleOutput))
#14 /var/www/html/git/lovemeup/site/vendor/laravel/framework/src/Illuminate/Database/Console/Migrations/RefreshCommand.php(31): Illuminate\Console\Command->call('migrate:reset', Array)
#15 /var/www/html/git/lovemeup/site/vendor/laravel/framework/src/Illuminate/Console/Command.php(108): Illuminate\Database\Console\Migrations\RefreshCommand->fire()
#16 /var/www/html/git/lovemeup/site/vendor/symfony/console/Symfony/Component/Console/Command/Command.php(241): Illuminate\Console\Command->execute(Object(Symfony\Component\Console\Input\ArgvInput), Object(Symfony\Component\Console\Output\ConsoleOutput))
#17 /var/www/html/git/lovemeup/site/vendor/laravel/framework/src/Illuminate/Console/Command.php(96): Symfony\Component\Console\Command\Command->run(Object(Symfony\Component\Console\Input\ArgvInput), Object(Symfony\Component\Console\Output\ConsoleOutput))
#18 /var/www/html/git/lovemeup/site/vendor/symfony/console/Symfony/Component/Console/Application.php(895): Illuminate\Console\Command->run(Object(Symfony\Component\Console\Input\ArgvInput), Object(Symfony\Component\Console\Output\ConsoleOutput))
#19 /var/www/html/git/lovemeup/site/vendor/symfony/console/Symfony/Component/Console/Application.php(191): Symfony\Component\Console\Application->doRunCommand(Object(Illuminate\Database\Console\Migrations\RefreshCommand), Object(Symfony\Component\Console\Input\ArgvInput), Object(Symfony\Component\Console\Output\ConsoleOutput))
#20 /var/www/html/git/lovemeup/site/vendor/symfony/console/Symfony/Component/Console/Application.php(121): Symfony\Component\Console\Application->doRun(Object(Symfony\Component\Console\Input\ArgvInput), Object(Symfony\Component\Console\Output\ConsoleOutput))
#21 /var/www/html/git/lovemeup/site/artisan(59): Symfony\Component\Console\Application->run()
#22 {main} [] []
